build/app/outputs/mapping/release/seeds.txt
com.example.tuc.MainActivity: MainActivity()
com.example.tuc.MainActivity
...
androidx.window.layout.SidecarWindowBackend$Companion
androidx.window.layout.WindowMetricsCalculatorCompat: android.graphics.Rect computeWindowBoundsN$window_release(android.app.Activity)
androidx.window.layout.ExtensionsWindowLayoutInfoAdapter: androidx.window.layout.WindowLayoutInfo translate$window_release(android.app.Activity,androidx.window.extensions.layout.WindowLayoutInfo)
com.dexterous.flutterlocalnotifications.models.NotificationChannelDetails: long[] vibrationPattern
com.google.android.gms.internal.measurement.zzfy: int zzZ
kotlinx.coroutines.scheduling.WorkQueue: int blockingTasksInBuffer
io.flutter.view.AccessibilityViewEmbedder: java.lang.String TAG
com.google.android.gms.internal.measurement.zzfy: int zzt
com.google.android.gms.internal.measurement.zzeh: com.google.android.gms.internal.measurement.zzke zzg
com.google.android.gms.common.api.internal.LifecycleCallback
com.google.android.gms.internal.measurement.zzgt: int zzf
com.dexterous.flutterlocalnotifications.FlutterLocalNotificationsPlugin: boolean hasInvalidBigPictureResources(io.flutter.plugin.common.MethodChannel$Result,com.dexterous.flutterlocalnotifications.models.NotificationDetails)
com.google.android.gms.internal.measurement.zzfy: java.lang.String zzS
androidx.window.embedding.ActivityFilter: boolean equals(java.lang.Object)
androidx.window.embedding.MatcherUtils
kotlinx.coroutines.scheduling.CoroutineScheduler$Worker: java.lang.Object nextParkedWorker
androidx.window.layout.WindowInfoTrackerImpl$windowLayoutInfo$1: java.lang.Object L$0
com.google.android.gms.internal.measurement.zzfy: long zzO
com.dexterous.flutterlocalnotifications.FlutterLocalNotificationsPlugin: void onAttachedToActivity(io.flutter.embedding.engine.plugins.activity.ActivityPluginBinding)
androidx.window.layout.ExtensionWindowLayoutInfoBackend$MulticastConsumer: android.app.Activity activity
kotlinx.coroutines.channels.AbstractChannel
androidx.window.layout.SidecarAdapter: SidecarAdapter()
com.google.firebase.analytics.connector.internal.AnalyticsConnectorRegistrar: com.google.firebase.analytics.connector.AnalyticsConnector lambda$getComponents$0(com.google.firebase.components.ComponentContainer)
android.support.v4.media.AudioAttributesImplApi21Parcelizer
com.dexterous.flutterlocalnotifications.FlutterLocalNotificationsPlugin: java.lang.String GET_NOTIFICATION_APP_LAUNCH_DETAILS_METHOD
androidx.window.embedding.EmbeddingTranslatingCallback
io.flutter.view.AccessibilityBridge$Action: io.flutter.view.AccessibilityBridge$Action valueOf(java.lang.String)
androidx.window.layout.WindowBackend: void registerLayoutChangeCallback(android.app.Activity,java.util.concurrent.Executor,androidx.core.util.Consumer)
androidx.window.embedding.EmbeddingAdapter: androidx.window.embedding.SplitInfo translate(androidx.window.extensions.embedding.SplitInfo)
io.flutter.plugins.firebase.core.FlutterFirebasePlugin: com.google.android.gms.tasks.Task didReinitializeFirebaseCore()
com.google.android.gms.internal.measurement.zzes: com.google.android.gms.internal.measurement.zzes zza
com.google.android.gms.internal.measurement.zzej: boolean zzm
com.google.android.gms.common.zzq: android.os.Parcelable$Creator CREATOR
com.google.android.gms.measurement.AppMeasurement: void endAdUnitExposure(java.lang.String)
androidx.window.layout.SidecarWindowBackend: androidx.window.layout.ExtensionInterfaceCompat windowExtension
androidx.media.AudioAttributesImplApi21Parcelizer
io.flutter.embedding.android.FlutterSplashView$SavedState: FlutterSplashView$SavedState(android.os.Parcel)
kotlinx.coroutines.channels.Closed
com.google.android.gms.measurement.AppMeasurement: java.util.Map getUserProperties(java.lang.String,java.lang.String,boolean)
com.dexterous.flutterlocalnotifications.FlutterLocalNotificationsPlugin: java.lang.String DELETE_NOTIFICATION_CHANNEL_METHOD
androidx.window.embedding.ActivityFilter: android.content.ComponentName componentName