build/app/outputs/mapping/release/mapping.txt
# compiler: R8
# compiler_version: 2.1.62
# min_api: 19
# pg_map_id: ff95d93
# common_typos_disable
...
kotlin.coroutines.CombinedContext -> i.u.c:
    kotlin.coroutines.CoroutineContext left -> l
    kotlin.coroutines.CoroutineContext$Element element -> m
    boolean contains(kotlin.coroutines.CoroutineContext$Element) -> b
    boolean containsAll(kotlin.coroutines.CombinedContext) -> f
    int size() -> h
kotlin.coroutines.CombinedContext$toString$1 -> i.u.c$a:
    kotlin.coroutines.CombinedContext$toString$1 INSTANCE -> l
    java.lang.String invoke(java.lang.String,kotlin.coroutines.CoroutineContext$Element) -> a
kotlin.coroutines.Continuation -> i.u.d:
kotlin.coroutines.ContinuationInterceptor -> i.u.e:
    kotlin.coroutines.ContinuationInterceptor$Key Key -> i
    void releaseInterceptedContinuation(kotlin.coroutines.Continuation) -> d
    kotlin.coroutines.Continuation interceptContinuation(kotlin.coroutines.Continuation) -> j
kotlin.coroutines.ContinuationInterceptor$DefaultImpls -> i.u.e$a:
    kotlin.coroutines.CoroutineContext$Element get(kotlin.coroutines.ContinuationInterceptor,kotlin.coroutines.CoroutineContext$Key) -> a
    kotlin.coroutines.CoroutineContext minusKey(kotlin.coroutines.ContinuationInterceptor,kotlin.coroutines.CoroutineContext$Key) -> b
kotlin.coroutines.ContinuationInterceptor$Key -> i.u.e$b:
    kotlin.coroutines.ContinuationInterceptor$Key $$INSTANCE -> l
kotlin.coroutines.ContinuationKt -> i.u.f:
    void startCoroutine(kotlin.jvm.functions.Function2,java.lang.Object,kotlin.coroutines.Continuation) -> a
kotlin.coroutines.CoroutineContext -> i.u.g:
kotlin.coroutines.CoroutineContext$DefaultImpls -> i.u.g$a:
    kotlin.coroutines.CoroutineContext plus(kotlin.coroutines.CoroutineContext,kotlin.coroutines.CoroutineContext) -> a
kotlin.coroutines.CoroutineContext$Element -> i.u.g$b:
kotlin.coroutines.CoroutineContext$Element$DefaultImpls -> i.u.g$b$a:
    java.lang.Object fold(kotlin.coroutines.CoroutineContext$Element,java.lang.Object,kotlin.jvm.functions.Function2) -> a
    kotlin.coroutines.CoroutineContext$Element get(kotlin.coroutines.CoroutineContext$Element,kotlin.coroutines.CoroutineContext$Key) -> b
    kotlin.coroutines.CoroutineContext minusKey(kotlin.coroutines.CoroutineContext$Element,kotlin.coroutines.CoroutineContext$Key) -> c
    kotlin.coroutines.CoroutineContext plus(kotlin.coroutines.CoroutineContext$Element,kotlin.coroutines.CoroutineContext) -> d
kotlin.coroutines.CoroutineContext$Key -> i.u.g$c:
kotlin.coroutines.CoroutineContext$plus$1 -> i.u.g$a$a:
    kotlin.coroutines.CoroutineContext$plus$1 INSTANCE -> l
    kotlin.coroutines.CoroutineContext invoke(kotlin.coroutines.CoroutineContext,kotlin.coroutines.CoroutineContext$Element) -> a
kotlin.coroutines.EmptyCoroutineContext -> i.u.h:
    kotlin.coroutines.EmptyCoroutineContext INSTANCE -> l
kotlin.coroutines.intrinsics.CoroutineSingletons -> i.u.i.a:
    kotlin.coroutines.intrinsics.CoroutineSingletons UNDECIDED -> m
    kotlin.coroutines.intrinsics.CoroutineSingletons RESUMED -> n
    kotlin.coroutines.intrinsics.CoroutineSingletons COROUTINE_SUSPENDED -> l
    kotlin.coroutines.intrinsics.CoroutineSingletons[] $VALUES -> o
    kotlin.coroutines.intrinsics.CoroutineSingletons[] $values() -> b
kotlin.coroutines.intrinsics.IntrinsicsKt -> i.u.i.b:
    kotlin.coroutines.Continuation createCoroutineUnintercepted(kotlin.jvm.functions.Function2,java.lang.Object,kotlin.coroutines.Continuation) -> a
    kotlin.coroutines.Continuation intercepted(kotlin.coroutines.Continuation) -> b
    java.lang.Object getCOROUTINE_SUSPENDED() -> c
kotlin.coroutines.intrinsics.IntrinsicsKt__IntrinsicsJvmKt -> i.u.i.c:
    kotlin.coroutines.Continuation createCoroutineUnintercepted(kotlin.jvm.functions.Function2,java.lang.Object,kotlin.coroutines.Continuation) -> a
    kotlin.coroutines.Continuation intercepted(kotlin.coroutines.Continuation) -> b