build/app/outputs/mapping/release/usage.txt
com.example.tuc.R$drawable
com.example.tuc.R$mipmap
com.example.tuc.R$string
com.example.tuc.R$dimen
com.example.tuc.R$id
com.example.tuc.R$color
com.example.tuc.R$integer
com.example.tuc.R$attr
com.example.tuc.R$layout
com.example.tuc.R
com.example.tuc.R$style
com.example.tuc.R$styleable
com.example.tuc.BuildConfig
...
kotlinx.coroutines.flow.CancellableFlowImpl$collect$$inlined$collect$1
com.google.android.gms.common.internal.ServiceSpecificExtraArgs
kotlin.collections.ArraysKt___ArraysKt$asIterable$$inlined$Iterable$7
androidx.media.AudioAttributesImpl:
    public abstract java.lang.Object getAudioAttributes()
    public abstract int getVolumeControlStream()
    public abstract int getLegacyStreamType()
    public abstract int getRawLegacyStreamType()
    public abstract int getContentType()
    public abstract int getUsage()
    public abstract int getFlags()
kotlinx.coroutines.flow.FlowKt__DistinctKt$defaultAreEquivalent$1
kotlinx.coroutines.debug.internal.DebugProbesImpl$startWeakRefCleanerThread$1
com.google.gson.JsonPrimitive:
    public void <init>(java.lang.Character)
    public com.google.gson.JsonPrimitive deepCopy()
    public java.math.BigDecimal getAsBigDecimal()
    public java.math.BigInteger getAsBigInteger()
    public float getAsFloat()
    public short getAsShort()
    public byte getAsByte()
    public char getAsCharacter()
    public synthetic bridge com.google.gson.JsonElement deepCopy()
androidx.core.util.PatternsCompat
kotlinx.coroutines.channels.ChannelsKt__DeprecatedKt$distinct$1
kotlinx.coroutines.JobSupport:
    private final java.lang.Void loopOnState(kotlin.jvm.functions.Function1)
    private final synthetic void notifyHandlers(kotlinx.coroutines.NodeList,java.lang.Throwable)
    private final boolean joinInternal()
    private final java.lang.Object joinSuspend(kotlin.coroutines.Continuation)
    public static synthetic kotlinx.coroutines.JobCancellationException defaultCancellationException$kotlinx_coroutines_core$default(kotlinx.coroutines.JobSupport,java.lang.String,java.lang.Throwable,int,java.lang.Object)
    private final boolean isCancelling(kotlinx.coroutines.Incomplete)
    private final java.lang.Object awaitSuspend(kotlin.coroutines.Continuation)
    public static final synthetic java.lang.Object access$joinSuspend(kotlinx.coroutines.JobSupport,kotlin.coroutines.Continuation)
    public static final synthetic java.lang.Object access$awaitSuspend(kotlinx.coroutines.JobSupport,kotlin.coroutines.Continuation)
    public final boolean isCancelled()
    protected final java.lang.Throwable getCompletionCause()
    protected final boolean getCompletionCauseHandled()
    public final kotlinx.coroutines.DisposableHandle invokeOnCompletion(kotlin.jvm.functions.Function1)
    public final java.lang.Object join(kotlin.coroutines.Continuation)
    public final kotlinx.coroutines.selects.SelectClause0 getOnJoin()
    public final void registerSelectClause0(kotlinx.coroutines.selects.SelectInstance,kotlin.jvm.functions.Function1)
kotlin.sequences.SequencesKt__SequencesKt$ifEmpty$1
com.google.android.gms.common.AccountPicker
com.google.android.datatransport.Event:
    public static com.google.android.datatransport.Event ofData(int,java.lang.Object)
    public static com.google.android.datatransport.Event ofData(java.lang.Object)
    public static com.google.android.datatransport.Event ofTelemetry(int,java.lang.Object)
    public static com.google.android.datatransport.Event ofUrgent(int,java.lang.Object)
    public static com.google.android.datatransport.Event ofUrgent(java.lang.Object)
kotlin.ranges.ClosedDoubleRange
kotlinx.coroutines.channels.SendElementWithUndeliveredHandler
com.google.android.gms.internal.measurement.zzct
kotlin.sequences.USequencesKt___USequencesKt
io.flutter.plugins.urllauncher.UrlLauncherPlugin:
    public static void registerWith(io.flutter.plugin.common.PluginRegistry$Registrar)
    private static final java.lang.String TAG
com.google.android.gms.internal.cloudmessaging.zzd:
    private void <init>()